<?xml version="1.0" encoding="UTF-8"?>
<!-- Generated by org.testng.reporters.JUnitReportReporter -->
<testsuite hostname="Hanmant" failures="0" tests="1" name="com.Zerodha.Testlayer.LoginPageTest" time="4.155" errors="0" timestamp="2022-07-13T13:12:21 IST" skipped="0">
  <testcase classname="com.Zerodha.Testlayer.LoginPageTest" name="verifyLogin" time="4.155"/>
  <system-out/>
</testsuite> <!-- com.Zerodha.Testlayer.LoginPageTest -->
